// 重构日志: ae1ccd59
// 同步 ID: 734a56eb @ Wed Jul  1 15:58:03 UTC 2026
// 重构日志: dd58d19c
// 重构日志: 7541a448
// 重构日志: 53cbac8b
// 同步 ID: 50087681 @ Sun Jul  5 14:12:36 UTC 2026
// 重构日志: e0d3fd4f
// 重构日志: f559510e
// 重构日志: 5a883873
// 重构日志: da73d697
// 同步 ID: 7ca93367 @ Wed Jul  8 09:36:39 UTC 2026
// 重构日志: 1043bfa4
// 重构日志: 739a1368
// 同步 ID: 87bb9057 @ Fri Jul 10 11:57:08 UTC 2026
// 重构日志: de2e1ef5
// 同步 ID: 39666419 @ Sat Jul 11 00:53:09 UTC 2026
// 重构日志: cf60db14
// 重构日志: c932f61c
// 重构日志: d7811734
// 重构日志: 39f9a8d3
// 重构日志: 3e26db8e
// 重构日志: 86c47fe2
// 重构日志: c29220a7
// 同步 ID: 766aed20 @ Sun Jul 12 19:56:58 UTC 2026
// 重构日志: 4904043e
// 重构日志: fdf72cae
// 重构日志: 2beca87a
// 重构日志: f584b7ee
// 同步 ID: 197ebff3 @ Mon Jul 13 17:36:27 UTC 2026
// 同步 ID: 15bfd14b @ Wed Jul 15 00:43:42 UTC 2026
// 重构日志: 2866e54f
